[07-Jul-2018 13:36:55 UTC] PHP Fatal error:  Interface 'Illuminate\Auth\Authenticable' not found in /home/ubuntu/workspace/cms/app/User.php on line 9
[07-Jul-2018 13:37:21 UTC] PHP Fatal error:  Interface 'Illuminate\Contracts\Auth\Authenticable' not found in /home/ubuntu/workspace/cms/app/User.php on line 9
[07-Jul-2018 13:37:45 UTC] PHP Fatal error:  Interface 'Illuminate\Contracts\Auth\Authenticable' not found in /home/ubuntu/workspace/cms/app/User.php on line 8
[13-Jul-2018 13:54:09 UTC] PHP Fatal error:  Cannot use isset() on the result of an expression (you can use "null !== expression" instead) in /home/ubuntu/workspace/cms/storage/framework/views/ef2a1172c2d538fac4a05a513ac5efd9d8943c22.php on line 12
[25-Jul-2018 05:53:20 UTC] PHP Fatal error:  Cannot use isset() on the result of an expression (you can use "null !== expression" instead) in /home/ubuntu/workspace/cms/storage/framework/views/03f556b74e1d675c4e669483e038ec5e496e069c.php on line 6
[27-Jul-2018 07:36:17 UTC] PHP Fatal error:  Can't use function return value in write context in /home/ubuntu/workspace/cms/storage/framework/views/03f556b74e1d675c4e669483e038ec5e496e069c.php on line 40
[27-Jul-2018 07:36:41 UTC] PHP Fatal error:  Can't use function return value in write context in /home/ubuntu/workspace/cms/storage/framework/views/03f556b74e1d675c4e669483e038ec5e496e069c.php on line 40
[27-Jul-2018 07:36:41 UTC] PHP Fatal error:  Can't use function return value in write context in /home/ubuntu/workspace/cms/storage/framework/views/03f556b74e1d675c4e669483e038ec5e496e069c.php on line 40
[31-Jul-2018 15:45:41 UTC] PHP Fatal error:  Can't use function return value in write context in /home/ubuntu/workspace/cms/storage/framework/views/fb9a9887123ad36fad06d0055d2f26d3b77a3eee.php on line 42
[14-Sep-2018 12:56:42 Asia/Tokyo] PHP Warning:  Unterminated comment starting line 2 in /home/ubuntu/workspace/cms/routes/web.php on line 2
[14-Sep-2018 12:57:45 Asia/Tokyo] PHP Warning:  Unterminated comment starting line 2 in /home/ubuntu/workspace/cms/routes/web.php on line 2
[14-Sep-2018 12:58:03 Asia/Tokyo] PHP Warning:  Unterminated comment starting line 2 in /home/ubuntu/workspace/cms/routes/web.php on line 2
[14-Sep-2018 12:58:46 Asia/Tokyo] PHP Warning:  Unterminated comment starting line 2 in /home/ubuntu/workspace/cms/routes/web.php on line 2
[19-Sep-2018 13:33:51 Asia/Tokyo] PHP Fatal error:  Cannot redeclare App\Http\Controllers\BooksController::category_genre_page() in /home/ubuntu/workspace/cms/app/Http/Controllers/BooksController.php on line 1020
[19-Sep-2018 13:36:58 Asia/Tokyo] PHP Fatal error:  Cannot redeclare App\Http\Controllers\BooksController::category_genre_page() in /home/ubuntu/workspace/cms/app/Http/Controllers/BooksController.php on line 1020
[19-Sep-2018 13:37:10 Asia/Tokyo] PHP Fatal error:  Cannot redeclare App\Http\Controllers\BooksController::category_genre_page() in /home/ubuntu/workspace/cms/app/Http/Controllers/BooksController.php on line 1020
[19-Sep-2018 13:37:23 Asia/Tokyo] PHP Fatal error:  Cannot redeclare App\Http\Controllers\BooksController::category_genre_page() in /home/ubuntu/workspace/cms/app/Http/Controllers/BooksController.php on line 1020
[19-Sep-2018 13:38:22 Asia/Tokyo] PHP Fatal error:  Cannot redeclare App\Http\Controllers\BooksController::category_genre_page() in /home/ubuntu/workspace/cms/app/Http/Controllers/BooksController.php on line 1020
[19-Sep-2018 13:38:28 Asia/Tokyo] PHP Fatal error:  Cannot redeclare App\Http\Controllers\BooksController::category_genre_page() in /home/ubuntu/workspace/cms/app/Http/Controllers/BooksController.php on line 1020
[19-Sep-2018 13:38:32 Asia/Tokyo] PHP Fatal error:  Cannot redeclare App\Http\Controllers\BooksController::category_genre_page() in /home/ubuntu/workspace/cms/app/Http/Controllers/BooksController.php on line 1020
[23-Sep-2018 11:21:31 Asia/Tokyo] PHP Fatal error:  Cannot use App\Tag as Tag because the name is already in use in /home/ubuntu/workspace/cms/app/Http/Controllers/BooksController.php on line 20
[23-Sep-2018 11:23:03 Asia/Tokyo] PHP Fatal error:  Cannot redeclare App\Http\Controllers\BooksController::tag() in /home/ubuntu/workspace/cms/app/Http/Controllers/BooksController.php on line 1075
[23-Sep-2018 11:28:23 Asia/Tokyo] PHP Fatal error:  Cannot redeclare App\Http\Controllers\BooksController::tag() in /home/ubuntu/workspace/cms/app/Http/Controllers/BooksController.php on line 1075
